13,8,sensor_a1,zone_a
13,8,sensor_a1,zone_a
13,8,sensor_a1,zone_a
13,8,sensor_a1,zone_a
13,8,sensor_a1,zone_a
13,8,sensor_a1,zone_a
13,8,sensor_a1,zone_a
13,8,sensor_a1,zone_a
13,8,sensor_a1,zone_a
13,8,sensor_a1,zone_a
13,8,sensor_a1,zone_a
13,8,sensor_a1,zone_a
13,8,sensor_a1,zone_a
13,12,sensor_a1,
13,12,sensor_a2,
13,12,sensor_a1,
13,12,sensor_a2,
13,12,sensor_a1,zone_a
13,12,sensor_a1,zone_a
13,12,sensor_a1,zone_a
13,13,sensor_a1,
13,13,sensor_a2,
13,13,sensor_a1,
13,13,sensor_a1,
13,13,sensor_a1,
13,13,sensor_a1,
13,13,sensor_a1,
13,13,sensor_a2,
14,8,sensor_a1,
14,8,sensor_a2,
14,12,sensor_a1,zone_a
14,12,sensor_a2,
